<?xml version="1.0" encoding="UTF-8"?>
<robot generator="Robot 7.4.2 (Python 3.12.3 on linux)" generated="2026-04-12T02:10:36.195595" rpa="false" schemaversion="5">
<suite id="s1" name="Google Test" source="/home/runner/work/cicd_test_project/cicd_test_project/google_test.robot">
<test id="s1-t1" name="Google Search Test" line="18">
<kw name="Open Browser" owner="SeleniumLibrary">
<msg time="2026-04-12T02:10:36.309388" level="INFO">Opening browser 'headlesschrome' to base url 'https://google.com'.</msg>
<arg>https://google.com</arg>
<arg>${BROWSER}</arg>
<doc>Opens a new browser instance to the optional ``url``.</doc>
<status status="PASS" start="2026-04-12T02:10:36.309083" elapsed="3.039800"/>
</kw>
<kw name="Title Should Be" owner="SeleniumLibrary">
<msg time="2026-04-12T02:10:39.487338" level="INFO" html="true">&lt;/td&gt;&lt;/tr&gt;&lt;tr&gt;&lt;td colspan="3"&gt;&lt;a href="selenium-screenshot-1.png"&gt;&lt;img src="selenium-screenshot-1.png" width="800px"&gt;&lt;/a&gt;</msg>
<msg time="2026-04-12T02:10:39.487585" level="FAIL">Title should have been 'Google1' but was 'Google'.</msg>
<arg>Google1</arg>
<doc>Verifies that the current page title equals ``title``.</doc>
<status status="FAIL" start="2026-04-12T02:10:39.349409" elapsed="0.139733">Title should have been 'Google1' but was 'Google'.</status>
</kw>
<kw name="Close Browser" owner="SeleniumLibrary">
<doc>Closes the current browser.</doc>
<status status="NOT RUN" start="2026-04-12T02:10:39.489445" elapsed="0.000059"/>
</kw>
<status status="FAIL" start="2026-04-12T02:10:36.307768" elapsed="3.182015">Title should have been 'Google1' but was 'Google'.</status>
</test>
<status status="FAIL" start="2026-04-12T02:10:36.196575" elapsed="3.293780"/>
</suite>
<statistics>
<total>
<stat pass="0" fail="1" skip="0">All Tests</stat>
</total>
<tag>
</tag>
<suite>
<stat name="Google Test" id="s1" pass="0" fail="1" skip="0">Google Test</stat>
</suite>
</statistics>
<errors>
</errors>
</robot>
