<?xml version="1.0" encoding="UTF-8"?>
<robot generator="Robot 7.5 (Python 3.12.3 on linux)" generated="2026-09-20T03:07:21.270399" rpa="false" schemaversion="5">
<suite id="s1" name="Google Test" source="/home/runner/work/cicd_test_project/cicd_test_project/google_test.robot">
<test id="s1-t1" name="Google Search Test" line="18">
<kw name="Open Browser" owner="SeleniumLibrary">
<msg time="2026-09-20T03:07:21.478736" level="INFO">Opening browser 'headlesschrome' to base url 'https://google.com'.</msg>
<arg>https://google.com</arg>
<arg>${BROWSER}</arg>
<doc>Opens a new browser instance to the optional ``url``.</doc>
<status status="PASS" start="2026-09-20T03:07:21.478486" elapsed="8.518567"/>
</kw>
<kw name="Title Should Be" owner="SeleniumLibrary">
<msg time="2026-09-20T03:07:30.156239" level="INFO" html="true">&lt;/td&gt;&lt;/tr&gt;&lt;tr&gt;&lt;td colspan="3"&gt;&lt;a href="selenium-screenshot-1.png"&gt;&lt;img src="selenium-screenshot-1.png" width="800px"&gt;&lt;/a&gt;</msg>
<msg time="2026-09-20T03:07:30.156433" level="FAIL">Title should have been 'Google1' but was 'Google'.</msg>
<arg>Google1</arg>
<doc>Verifies that the current page title equals ``title``.</doc>
<status status="FAIL" start="2026-09-20T03:07:29.997356" elapsed="0.159776">Title should have been 'Google1' but was 'Google'.</status>
</kw>
<kw name="Close Browser" owner="SeleniumLibrary">
<doc>Closes the current browser.</doc>
<status status="NOT RUN" start="2026-09-20T03:07:30.157310" elapsed="0.000032"/>
</kw>
<status status="FAIL" start="2026-09-20T03:07:21.477482" elapsed="8.680037">Title should have been 'Google1' but was 'Google'.</status>
</test>
<status status="FAIL" start="2026-09-20T03:07:21.271198" elapsed="8.886756"/>
</suite>
<statistics>
<total>
<stat pass="0" fail="1" skip="0">All Tests</stat>
</total>
<tag>
</tag>
<suite>
<stat name="Google Test" id="s1" pass="0" fail="1" skip="0">Google Test</stat>
</suite>
</statistics>
<errors>
</errors>
</robot>
